app/proguard-project.txt
#-printseeds seeds.txt
-printusage unused.txt
-printmapping mapping.txt