app/mapping.txt
com.berm.widget.UpdateService -> com.berm.widget.UpdateService:
    com.berm.widget.WifiScreenOffWidget mScreenReceiver -> a
    void <init>() -> <init>
    android.os.IBinder onBind(android.content.Intent) -> onBind
    void onCreate() -> onCreate
    void onDestroy() -> onDestroy
    void log(java.lang.String) -> a
com.berm.widget.WifiScreenOffWidget -> com.berm.widget.WifiScreenOffWidget:
    boolean mEnabled -> a
    boolean mWifiEnabled -> b
    void <init>() -> <init>
    void onUpdate(android.content.Context,android.appwidget.AppWidgetManager,int[]) -> onUpdate
    void onReceive(android.content.Context,android.content.Intent) -> onReceive
    boolean isEnabled() -> a
    void saveWifiState(android.content.Context) -> a
    boolean isWifiOn() -> b
    void updateSwitch(android.content.Context,android.appwidget.AppWidgetManager,int,boolean) -> a
    void showToast(android.content.Context,boolean) -> a
    void saveEnabledState(android.content.Context,boolean) -> b
    boolean getEnableState(android.content.Context) -> b
    void setDisableCount(android.content.Context,int) -> a
    int getDisableCount(android.content.Context) -> c
    void log(java.lang.String) -> a