app/unused.txt
com.berm.widget.BuildConfig
com.berm.widget.R
com.berm.widget.R$attr
com.berm.widget.R$dimen
com.berm.widget.R$drawable
com.berm.widget.R$id
com.berm.widget.R$layout
com.berm.widget.R$mipmap
com.berm.widget.R$string
com.berm.widget.R$xml
com.berm.widget.UpdateService:
    private static final java.lang.String TAG
com.berm.widget.WifiScreenOffWidget:
    private static final java.lang.String TAG
    private static final java.lang.String ENABLE_STATE
    private static final java.lang.String DISABLE_COUNT
    private static final int NO_WARN_DISABLE_COUNT